  SimulatedAnnealing.cpp
E:\Studia\Semestr 5\Projektowanie efektywnych algorytmów\Zadanie 4 - simulated annealing\SimulatedAnnealing\SimulatedAnnealing.cpp(34,32): warning C4305: 'initializing': truncation from 'double' to 'float'
E:\Studia\Semestr 5\Projektowanie efektywnych algorytmów\Zadanie 4 - simulated annealing\SimulatedAnnealing\SimulatedAnnealing.cpp(38,15): warning C4244: 'argument': conversion from 'time_t' to 'unsigned int', possible loss of data
E:\Studia\Semestr 5\Projektowanie efektywnych algorytmów\Zadanie 4 - simulated annealing\SimulatedAnnealing\SimulatedAnnealing.cpp(250,49): warning C4244: 'argument': conversion from 'double' to 'float', possible loss of data
E:\Studia\Semestr 5\Projektowanie efektywnych algorytmów\Zadanie 4 - simulated annealing\SimulatedAnnealing\SimulatedAnnealing.cpp(197,6): warning C4101: 'weight': unreferenced local variable
E:\Program Files\Microsoft Visual Studio\2022\Community\VC\Tools\MSVC\14.30.30705\include\xutility(1159,54): error C2794: 'reference': is not a member of any direct or indirect base class of 'std::iterator_traits<_BidIt>'
          with
          [
              _BidIt=int
          ]
E:\Program Files\Microsoft Visual Studio\2022\Community\VC\Tools\MSVC\14.30.30705\include\xutility(5344): message : see reference to alias template instantiation 'std::_Iter_ref_t<int>' being compiled
E:\Studia\Semestr 5\Projektowanie efektywnych algorytmów\Zadanie 4 - simulated annealing\SimulatedAnnealing\SimulatedAnnealing.cpp(48): message : see reference to function template instantiation 'void std::reverse<_Ty>(const _BidIt,const _BidIt)' being compiled
          with
          [
              _Ty=int,
              _BidIt=int
          ]
E:\Program Files\Microsoft Visual Studio\2022\Community\VC\Tools\MSVC\14.30.30705\include\xutility(5344,1): error C2938: 'std::_Iter_ref_t' : Failed to specialize alias template
E:\Program Files\Microsoft Visual Studio\2022\Community\VC\Tools\MSVC\14.30.30705\include\xutility(5346,50): error C3203: 'is_volatile': unspecialized class template can't be used as a template argument for template parameter '_Trait', expected a real type
E:\Program Files\Microsoft Visual Studio\2022\Community\VC\Tools\MSVC\14.30.30705\include\xutility(5346,9): error C3203: '_Is_trivially_swappable': unspecialized class template can't be used as a template argument for template parameter '_Traits', expected a real type
